[16:06:04.937297100] Connected to the server!
[16:06:04.939292200] type '/help' see the available commands !
[16:15:55.611769100] Connected to the server!
[16:15:55.613764] type '/help' see the available commands !
[16:16:36.219041200] Connected to the server!
[16:16:36.221036100] type '/help' see the available commands !
[16:17:15.042062200] Connected to the server!
[16:17:15.045053700] type '/help' see the available commands !
[16:19:36.082366700] Connection failed!
[16:19:39.142431700] Connected to the server!
[16:19:39.145425100] type '/help' see the available commands !
[16:27:26.182142500] Connection failed!
[16:27:30.575898800] Connected to the server!
[16:27:30.577892800] type '/help' see the available commands !
[16:28:01.035521900] Connected to the server!
[16:28:01.037516900] type '/help' see the available commands !
[16:30:12.357192600] Connection failed!
[16:30:15.459459300] Connected to the server!
[16:30:15.461454100] type '/help' see the available commands !
[16:31:53.910811400] Connected to the server!
[16:31:53.913805400] type '/help' see the available commands !
[16:39:41.811141] Connection failed!
[16:39:46.164] Connected to the server!
[16:39:46.167989200] type '/help' see the available commands !
[16:47:08.084502700] Connected to the server!
[16:47:08.085500400] type '/help' see the available commands !
[16:48:01.157595800] Connected to the server!
[16:48:01.159589900] type '/help' see the available commands !
[16:48:10.443442300] Connected to the server!
[16:48:10.445435700] type '/help' see the available commands !
[16:50:20.349027200] Connected to the server!
[16:50:20.351021200] type '/help' see the available commands !
[16:52:11.779720500] Connected to the server!
[16:52:11.781714100] type '/help' see the available commands !
[16:52:50.737905400] Connected to the server!
[16:52:50.740897700] type '/help' see the available commands !
[17:43:52.063108800] Connected to the server!
[17:43:52.067988] type '/help' see the available commands !
[17:44:09.071935500] disconnected from server
[17:46:12.240859100] Connected to the server!
[17:46:12.244762200] type '/help' see the available commands !
[17:47:07.243888800] disconnected from server
[17:47:07.243888800] disconnected from server
[17:49:10.703574900] Connected to the server!
[17:49:10.707478600] type '/help' see the available commands !
[17:49:49.733713100] disconnected from server
[17:49:49.733713100] disconnected from server
[17:49:52.337391800] Connected to the server!
[17:49:52.339343400] type '/help' see the available commands !
[17:50:03.638138700] disconnected from server
[17:50:03.638138700] disconnected from server
[16:32:30.856723465] Connected to the server!
[16:32:30.858582853] type '/help' see the available commands !
[16:42:30.420530611] disconnected from server
[16:43:26.781426398] Connected to the server!
[16:43:26.783291420] type '/help' see the available commands !
[16:48:39.841552414] disconnected from server
[16:53:39.665540038] Connected to the server!
[16:53:39.667512608] type '/help' see the available commands !
[16:53:52.666967572] disconnected from server
[16:54:53.907501353] Connected to the server!
[16:54:53.909345239] type '/help' see the available commands !
[16:55:08.377896083] exiting
[16:55:08.379743135] disconnected from server
[16:56:00.780769766] Connected to the server!
[16:56:00.782639623] type '/help' see the available commands !
[16:56:32.858175124] exiting
[16:56:32.860129117] disconnected from server
[16:57:51.878247019] Connected to the server!
[16:57:51.880172950] type '/help' see the available commands !
[16:58:11.313544527] exiting
[16:58:11.315021094] disconnected from server
[16:59:52.340665207] Connected to the server!
[16:59:52.342546312] type '/help' see the available commands !
[17:00:13.362706785] exiting
[17:00:13.364206387] disconnected from server
[17:01:20.939032660] Connected to the server!
[17:01:20.941054517] type '/help' see the available commands !
[17:01:39.275163038] exiting
[17:01:39.276987937] disconnected from server
[17:02:33.278562335] Connected to the server!
[17:02:33.280371863] type '/help' see the available commands !
[17:03:55.003903325] exiting
[17:03:55.014249196] disconnected from server
[17:07:25.856307] Connected to the server!
[17:07:25.858997] type '/help' see the available commands !
[17:07:51.779849] exiting
[17:07:51.781750] disconnected from server
[17:09:03.213455] Connected to the server!
[17:09:03.216272] type '/help' see the available commands !
[17:09:12.772516] exiting
[17:09:12.773523] disconnected from server
[17:09:12.773994] disconnected from server
[17:10:40.706227] Connected to the server!
[17:10:40.708799] type '/help' see the available commands !
[17:10:51.092116] exiting
[17:10:51.094067] disconnected from server
[17:13:24.057670] Connection failed!
[17:13:31.893440] Connected to the server!
[17:13:31.896048] type '/help' see the available commands !
[17:13:43.884891] exiting
[17:13:43.886921] disconnected from server
[17:15:03.462728] Connected to the server!
[17:15:03.465342] type '/help' see the available commands !
[17:15:14.534010] exiting
[17:15:14.536325] disconnected from server
[17:16:04.866492] Connected to the server!
[17:16:04.869131] type '/help' see the available commands !
[17:16:13.700516] exiting
[17:16:13.702482] disconnected from server
[17:16:55.290450] Connected to the server!
[17:16:55.293089] type '/help' see the available commands !
[17:17:01.104658] disconnected from server
[17:17:01.105200] exiting
[17:17:01.105649] disconnected from server
[17:18:02.828857] Connected to the server!
[17:18:02.832911] type '/help' see the available commands !
[17:18:09.665458] disconnected from server
[17:18:09.666009] exiting
[17:18:09.666396] disconnected from server
[17:21:25.550334184] Connected to the server!
[17:21:25.552207601] type '/help' see the available commands !
[17:21:56.120967985] disconnected from server
[17:21:56.121400904] exiting
[17:21:56.121669270] disconnected from server
[17:22:10.504291530] Connected to the server!
[17:22:10.506190493] type '/help' see the available commands !
[17:22:27.306088164] disconnected from server
[17:22:27.306508870] exiting
[17:22:27.306775203] disconnected from server
[17:23:25.511594440] Connected to the server!
[17:23:25.513451896] type '/help' see the available commands !
[17:24:02.152964109] disconnected from server
[17:24:02.153388408] exiting
[17:24:02.153660540] disconnected from server
[17:24:17.133999078] Connected to the server!
[17:24:17.135830730] type '/help' see the available commands !
[17:25:41.659290380] disconnected from server
[17:25:41.659710895] exiting
[17:25:41.660011765] disconnected from server
[17:28:41.124642863] Connected to the server!
[17:28:41.126594365] type '/help' see the available commands !
[17:28:48.871662560] Connected to the server!
[17:28:48.873533421] type '/help' see the available commands !
[17:29:07.968189211] exiting
[17:29:07.969123706] disconnected from server
[17:29:07.969168256] disconnected from server
[17:29:27.672014671] exiting
[17:29:27.673634960] disconnected from server
[17:29:39.617467004] Connected to the server!
[17:29:39.619386314] type '/help' see the available commands !
[17:29:50.728667439] exiting
[17:29:50.730024946] disconnected from server
[17:29:50.730065894] disconnected from server
[17:30:22.552934793] Connected to the server!
[17:30:22.554764290] type '/help' see the available commands !
[17:31:11.451375365] exiting
[17:31:11.453002180] disconnected from server
[17:36:44.279314235] Connected to the server!
[17:36:44.281249173] type '/help' see the available commands !
[17:38:38.357392698] Connected to the server!
[17:38:38.359258610] type '/help' see the available commands !
[17:38:56.795164726] exiting
[17:38:56.796795444] disconnected from server
[17:38:56.796817494] disconnected from server
[17:39:07.684961834] Connected to the server!
[17:39:07.686771522] type '/help' see the available commands !
[17:39:14.586605568] exiting
[17:39:14.587833062] disconnected from server
[17:39:14.587833130] disconnected from server
[17:40:29.017457557] Connected to the server!
[17:40:29.019322570] type '/help' see the available commands !
[17:40:54.675262750] exiting
[17:40:54.676389643] disconnected from server
[17:40:54.676403654] disconnected from server
[17:41:21.121129107] Connected to the server!
[17:41:21.122987075] type '/help' see the available commands !
[17:41:45.747594912] exiting
[17:41:45.749366619] disconnected from server
[17:41:45.749419205] disconnected from server
[17:42:14.770030442] Connected to the server!
[17:42:14.771831172] type '/help' see the available commands !
[17:42:22.883591125] exiting
[17:42:22.884737239] disconnected from server
[17:42:22.884754477] disconnected from server
